#
# There is insufficient memory for the Java Runtime Environment to continue.
# Native memory allocation (mmap) failed to map 100663296 bytes for G1 virtual space
# Possible reasons:
#   The system is out of physical RAM or swap space
#   The process is running with CompressedOops enabled, and the Java Heap may be blocking the growth of the native heap
# Possible solutions:
#   Reduce memory load on the system
#   Increase physical memory or swap space
#   Check if swap backing store is full
#   Decrease Java heap size (-Xmx/-Xms)
#   Decrease number of Java threads
#   Decrease Java thread stack sizes (-Xss)
#   Set larger code cache with -XX:ReservedCodeCacheSize=
#   JVM is running with Unscaled Compressed Oops mode in which the Java heap is
#     placed in the first 4GB address space. The Java Heap base address is the
#     maximum limit for the native heap growth. Please use -XX:HeapBaseMinAddress
#     to set the Java Heap base and to place the Java Heap above 4GB virtual address.
# This output file may be truncated or incomplete.
#
#  Out of Memory Error (os_windows.cpp:3532), pid=12988, tid=8432
#
# JRE version:  (17.0.2+8) (build )
# Java VM: Java HotSpot(TM) 64-Bit Server VM (17.0.2+8-LTS-86, mixed mode, sharing, tiered, compressed oops, compressed class ptrs, g1 gc, windows-amd64)
# No core dump will be written. Minidumps are not enabled by default on client versions of Windows
#

---------------  S U M M A R Y ------------

Command Line: 

Host: AMD Athlon 320GE with Radeon Vega Graphics     , 4 cores, 5G,  Windows 10 , 64 bit Build 17763 (10.0.17763.475)
Time: Mon May 16 15:00:30 2022 Hora oficial do Brasil elapsed time: 0.020146 seconds (0d 0h 0m 0s)

---------------  T H R E A D  ---------------

Current thread (0x000002fa232be760):  JavaThread "Unknown thread" [_thread_in_vm, id=8432, stack(0x000000fdb9600000,0x000000fdb9700000)]

Stack: [0x000000fdb9600000,0x000000fdb9700000]
Native frames: (J=compiled Java code, j=interpreted, Vv=VM code, C=native code)
V  [jvm.dll+0x670baa]
V  [jvm.dll+0x7cfcb4]
V  [jvm.dll+0x7d145e]
V  [jvm.dll+0x7d1ac3]
V  [jvm.dll+0x242bc5]
V  [jvm.dll+0x66dac9]
V  [jvm.dll+0x662412]
V  [jvm.dll+0x300c0b]
V  [jvm.dll+0x3081a6]
V  [jvm.dll+0x357d0e]
V  [jvm.dll+0x357f3f]
V  [jvm.dll+0x2d7ec8]
V  [jvm.dll+0x2d8e34]
V  [jvm.dll+0x7a18c1]
V  [jvm.dll+0x365a91]
V  [jvm.dll+0x780d2c]
V  [jvm.dll+0x3e845f]
V  [jvm.dll+0x3e9f01]
C  [jli.dll+0x527b]
C  [ucrtbase.dll+0x2268a]
C  [KERNEL32.DLL+0x17974]
C  [ntdll.dll+0x5a0b1]


---------------  P R O C E S S  ---------------

Threads class SMR info:
_java_thread_list=0x00007ffb1cee9858, length=0, elements={
}

Java Threads: ( => current thread )

Other Threads:
  0x000002fa232f3fd0 GCTaskThread "GC Thread#0" [stack: 0x000000fdb9700000,0x000000fdb9800000] [id=5740]
  0x000002fa233030c0 ConcurrentGCThread "G1 Main Marker" [stack: 0x000000fdb9800000,0x000000fdb9900000] [id=10896]
  0x000002fa233055b0 ConcurrentGCThread "G1 Conc#0" [stack: 0x000000fdb9900000,0x000000fdb9a00000] [id=12744]

[error occurred during error reporting (printing all threads), id 0xc0000005, EXCEPTION_ACCESS_VIOLATION (0xc0000005) at pc=0x00007ffb1c7388a7]

VM state: not at safepoint (not fully initialized)

VM Mutex/Monitor currently owned by a thread:  ([mutex/lock_event])
[0x000002fa232bb010] Heap_lock - owner thread: 0x000002fa232be760

Heap address: 0x00000000a0c00000, size: 1524 MB, Compressed Oops mode: 32-bit

CDS archive(s) mapped at: [0x0000000000000000-0x0000000000000000-0x0000000000000000), size 0, SharedBaseAddress: 0x0000000800000000, ArchiveRelocationMode: 0.
Narrow klass base: 0x0000000000000000, Narrow klass shift: 0, Narrow klass range: 0x0

GC Precious Log:
<Empty>

Heap:
 garbage-first heap   total 0K, used 0K [0x00000000a0c00000, 0x0000000100000000)
  region size 1024K, 0 young (0K), 0 survivors (0K)

[error occurred during error reporting (printing heap information), id 0xc0000005, EXCEPTION_ACCESS_VIOLATION (0xc0000005) at pc=0x00007ffb1cb19f19]

GC Heap History (0 events):
No events

Deoptimization events (0 events):
No events

Classes unloaded (0 events):
No events

Classes redefined (0 events):
No events

Internal exceptions (0 events):
No events

VM Operations (0 events):
No events

Events (1 events):
Event: 0.005 Loaded shared library C:\Program Files\Java\jdk-17.0.2\bin\java.dll


Dynamic libraries:
0x00007ff6a86d0000 - 0x00007ff6a86e0000 	C:\Program Files\Java\jdk-17.0.2\bin\java.exe
0x00007ffb4eb80000 - 0x00007ffb4ed6d000 	C:\Windows\SYSTEM32\ntdll.dll
0x00007ffb4cbe0000 - 0x00007ffb4cc93000 	C:\Windows\System32\KERNEL32.DLL
0x00007ffb4b7d0000 - 0x00007ffb4ba65000 	C:\Windows\System32\KERNELBASE.dll
0x00007ffb4ba70000 - 0x00007ffb4bb6a000 	C:\Windows\System32\ucrtbase.dll
0x00007ffb44a90000 - 0x00007ffb44aa8000 	C:\Program Files\Java\jdk-17.0.2\bin\jli.dll
0x00007ffb42630000 - 0x00007ffb4264a000 	C:\Program Files\Java\jdk-17.0.2\bin\VCRUNTIME140.dll
0x00007ffb4cfe0000 - 0x00007ffb4d083000 	C:\Windows\System32\ADVAPI32.dll
0x00007ffb4c510000 - 0x00007ffb4c5ae000 	C:\Windows\System32\msvcrt.dll
0x00007ffb4be00000 - 0x00007ffb4be9e000 	C:\Windows\System32\sechost.dll
0x00007ffb4ea20000 - 0x00007ffb4eb42000 	C:\Windows\System32\RPCRT4.dll
0x00007ffb4c370000 - 0x00007ffb4c507000 	C:\Windows\System32\USER32.dll
0x00007ffb4bd50000 - 0x00007ffb4bd70000 	C:\Windows\System32\win32u.dll
0x00007ffb4c0d0000 - 0x00007ffb4c0f9000 	C:\Windows\System32\GDI32.dll
0x00007ffb4b580000 - 0x00007ffb4b71c000 	C:\Windows\System32\gdi32full.dll
0x00007ffb3c250000 - 0x00007ffb3c4c9000 	C:\Windows\WinSxS\amd64_microsoft.windows.common-controls_6595b64144ccf1df_6.0.17763.1577_none_de7444545348a3d0\COMCTL32.dll
0x00007ffb4acb0000 - 0x00007ffb4ad50000 	C:\Windows\System32\msvcp_win.dll
0x00007ffb4ccb0000 - 0x00007ffb4cfdd000 	C:\Windows\System32\combase.dll
0x00007ffb4ac30000 - 0x00007ffb4acae000 	C:\Windows\System32\bcryptPrimitives.dll
0x00007ffb44730000 - 0x00007ffb4473a000 	C:\Windows\SYSTEM32\VERSION.dll
0x00007ffb4e990000 - 0x00007ffb4e9be000 	C:\Windows\System32\IMM32.DLL
0x00007ffb44990000 - 0x00007ffb4499c000 	C:\Program Files\Java\jdk-17.0.2\bin\vcruntime140_1.dll
0x00007ffb2ed60000 - 0x00007ffb2eded000 	C:\Program Files\Java\jdk-17.0.2\bin\msvcp140.dll
0x00007ffb1c450000 - 0x00007ffb1d011000 	C:\Program Files\Java\jdk-17.0.2\bin\server\jvm.dll
0x00007ffb4e6c0000 - 0x00007ffb4e6c8000 	C:\Windows\System32\PSAPI.DLL
0x00007ffb446f0000 - 0x00007ffb446f9000 	C:\Windows\SYSTEM32\WSOCK32.dll
0x00007ffb48d10000 - 0x00007ffb48d34000 	C:\Windows\SYSTEM32\WINMM.dll
0x00007ffb4c060000 - 0x00007ffb4c0cd000 	C:\Windows\System32\WS2_32.dll
0x00007ffb48cb0000 - 0x00007ffb48cdd000 	C:\Windows\SYSTEM32\winmmbase.dll
0x00007ffb4b4b0000 - 0x00007ffb4b4fa000 	C:\Windows\System32\cfgmgr32.dll
0x00007ffb4ab60000 - 0x00007ffb4ab71000 	C:\Windows\System32\kernel.appcore.dll
0x00007ffb44690000 - 0x00007ffb4469a000 	C:\Program Files\Java\jdk-17.0.2\bin\jimage.dll
0x00007ffb45200000 - 0x00007ffb453ed000 	C:\Windows\SYSTEM32\DBGHELP.DLL
0x00007ffb382e0000 - 0x00007ffb3830a000 	C:\Windows\SYSTEM32\dbgcore.DLL
0x00007ffb3eda0000 - 0x00007ffb3edc5000 	C:\Program Files\Java\jdk-17.0.2\bin\java.dll

dbghelp: loaded successfully - version: 4.0.5 - missing functions: none
symbol engine: initialized successfully - sym options: 0x614 - pdb path: .;C:\Program Files\Java\jdk-17.0.2\bin;C:\Windows\SYSTEM32;C:\Windows\WinSxS\amd64_microsoft.windows.common-controls_6595b64144ccf1df_6.0.17763.1577_none_de7444545348a3d0;C:\Program Files\Java\jdk-17.0.2\bin\server

VM Arguments:
java_command: <unknown>
java_class_path (initial): <not set>
Launcher Type: SUN_STANDARD

[Global flags]
     intx CICompilerCount                          = 3                                         {product} {ergonomic}
     uint ConcGCThreads                            = 1                                         {product} {ergonomic}
     uint G1ConcRefinementThreads                  = 4                                         {product} {ergonomic}
   size_t G1HeapRegionSize                         = 1048576                                   {product} {ergonomic}
    uintx GCDrainStackTargetSize                   = 64                                        {product} {ergonomic}
   size_t InitialHeapSize                          = 100663296                                 {product} {ergonomic}
   size_t MarkStackSize                            = 4194304                                   {product} {ergonomic}
   size_t MaxHeapSize                              = 1598029824                                {product} {ergonomic}
   size_t MinHeapDeltaBytes                        = 1048576                                   {product} {ergonomic}
   size_t MinHeapSize                              = 8388608                                   {product} {ergonomic}
    uintx NonNMethodCodeHeapSize                   = 5832780                                {pd product} {ergonomic}
    uintx NonProfiledCodeHeapSize                  = 122912730                              {pd product} {ergonomic}
    uintx ProfiledCodeHeapSize                     = 122912730                              {pd product} {ergonomic}
    uintx ReservedCodeCacheSize                    = 251658240                              {pd product} {ergonomic}
     bool SegmentedCodeCache                       = true                                      {product} {ergonomic}
   size_t SoftMaxHeapSize                          = 1598029824                             {manageable} {ergonomic}
     bool UseCompressedClassPointers               = true                           {product lp64_product} {ergonomic}
     bool UseCompressedOops                        = true                           {product lp64_product} {ergonomic}
     bool UseG1GC                                  = true                                      {product} {ergonomic}
     bool UseLargePagesIndividualAllocation        = false                                  {pd product} {ergonomic}

Logging:
Log output configuration:
 #0: stdout all=warning uptime,level,tags
 #1: stderr all=off uptime,level,tags

Environment Variables:
PATH=C:\Python310\Scripts\;C:\Python310\;C:\Program Files\Common Files\Oracle\Java\javapath;C:\Windows\system32;C:\Windows;C:\Windows\System32\Wbem;C:\Windows\System32\WindowsPowerShell\v1.0\;C:\Windows\System32\OpenSSH\;C:\Program Files\Git\cmd;C:\mvn\apache-maven-3.8.4\bin;;C:\ProgramData\UNIVALI\Portugol Studio;C:\Program Files\nodejs\;C:\ProgramData\chocolatey\bin;C:\Users\User\AppData\Local\Microsoft\WindowsApps;C:\Users\User\AppData\Local\Programs\Microsoft VS Code\bin;C:\mvn\apache-maven-3.8.4\bin;C:\Users\User\AppData\Roaming\npm
USERNAME=User
LANG=pt_BR.UTF-8
OS=Windows_NT
PROCESSOR_IDENTIFIER=AMD64 Family 23 Model 24 Stepping 1, AuthenticAMD



---------------  S Y S T E M  ---------------

OS:
 Windows 10 , 64 bit Build 17763 (10.0.17763.475)
OS uptime: 12 days 16:51 hours

CPU: total 4 (initial active 4) (4 cores per cpu, 2 threads per core) family 23 model 24 stepping 1 microcode 0x0, cx8, cmov, fxsr, ht, mmx, 3dnowpref, sse, sse2, sse3, ssse3, sse4a, sse4.1, sse4.2, popcnt, lzcnt, tsc, tscinvbit, avx, avx2, aes, clmul, bmi1, bmi2, adx, sha, fma, vzeroupper, clflush, clflushopt

Memory: 4k page, system-wide physical 6092M (1359M free)
TotalPageFile size 24524M (AvailPageFile size 31M)
current process WorkingSet (physical memory assigned to process): 10M, peak: 10M
current process commit charge ("private bytes"): 51M, peak: 147M

vm_info: Java HotSpot(TM) 64-Bit Server VM (17.0.2+8-LTS-86) for windows-amd64 JRE (17.0.2+8-LTS-86), built on Dec  7 2021 21:51:03 by "mach5one" with MS VC++ 16.8 / 16.9 (VS2019)

END.
